<?xml version="1.0" encoding="UTF-8"?>
<testsuite xmlns:xsi="http://www.w3.org/2001/XMLSchema-instance" xsi:noNamespaceSchemaLocation="https://maven.apache.org/surefire/maven-surefire-plugin/xsd/surefire-test-report-3.0.xsd" version="3.0" name="com.bsit.codegeneration.test.pojo.CustomerTest" time="0.013" tests="8" errors="0" skipped="0" failures="0">
  <properties>
    <property name="java.specification.version" value="24"/>
    <property name="sun.cpu.isalist" value="amd64"/>
    <property name="sun.jnu.encoding" value="Cp1252"/>
    <property name="java.class.path" value="C:\Users\BSIT-CH-D034\Downloads\DoubleCorrect_codegeneration\DoubleCorrect_codegeneration\Correct_codegeneration\Correct_codegeneration\target\test-classes;C:\Users\BSIT-CH-D034\Downloads\DoubleCorrect_codegeneration\DoubleCorrect_codegeneration\Correct_codegeneration\Correct_codegeneration\target\classes;C:\Users\BSIT-CH-D034\.m2\repository\org\yaml\snakeyaml\2.2\snakeyaml-2.2.jar;C:\Users\BSIT-CH-D034\.m2\repository\com\github\javaparser\javaparser-core\3.25.10\javaparser-core-3.25.10.jar;C:\Users\BSIT-CH-D034\.m2\repository\junit\junit\4.13.2\junit-4.13.2.jar;C:\Users\BSIT-CH-D034\.m2\repository\org\hamcrest\hamcrest-core\1.3\hamcrest-core-1.3.jar;C:\Users\BSIT-CH-D034\.m2\repository\com\fasterxml\jackson\dataformat\jackson-dataformat-yaml\2.17.0\jackson-dataformat-yaml-2.17.0.jar;C:\Users\BSIT-CH-D034\.m2\repository\com\fasterxml\jackson\core\jackson-databind\2.17.0\jackson-databind-2.17.0.jar;C:\Users\BSIT-CH-D034\.m2\repository\com\fasterxml\jackson\core\jackson-annotations\2.17.0\jackson-annotations-2.17.0.jar;C:\Users\BSIT-CH-D034\.m2\repository\net\bytebuddy\byte-buddy\1.14.9\byte-buddy-1.14.9.jar;C:\Users\BSIT-CH-D034\.m2\repository\com\fasterxml\jackson\core\jackson-core\2.17.0\jackson-core-2.17.0.jar;C:\Users\BSIT-CH-D034\.m2\repository\org\slf4j\slf4j-api\2.0.9\slf4j-api-2.0.9.jar;C:\Users\BSIT-CH-D034\.m2\repository\ch\qos\logback\logback-classic\1.5.11\logback-classic-1.5.11.jar;C:\Users\BSIT-CH-D034\.m2\repository\ch\qos\logback\logback-core\1.5.11\logback-core-1.5.11.jar;C:\Users\BSIT-CH-D034\.m2\repository\com\oracle\database\jdbc\ojdbc11\21.18.0.0\ojdbc11-21.18.0.0.jar;C:\Users\BSIT-CH-D034\.m2\repository\org\postgresql\postgresql\42.7.3\postgresql-42.7.3.jar;C:\Users\BSIT-CH-D034\.m2\repository\org\checkerframework\checker-qual\3.42.0\checker-qual-3.42.0.jar;C:\Users\BSIT-CH-D034\.m2\repository\org\junit\jupiter\junit-jupiter\6.0.0-RC2\junit-jupiter-6.0.0-RC2.jar;C:\Users\BSIT-CH-D034\.m2\repository\org\junit\jupiter\junit-jupiter-api\6.0.0-RC2\junit-jupiter-api-6.0.0-RC2.jar;C:\Users\BSIT-CH-D034\.m2\repository\org\opentest4j\opentest4j\1.3.0\opentest4j-1.3.0.jar;C:\Users\BSIT-CH-D034\.m2\repository\org\junit\platform\junit-platform-commons\6.0.0-RC2\junit-platform-commons-6.0.0-RC2.jar;C:\Users\BSIT-CH-D034\.m2\repository\org\apiguardian\apiguardian-api\1.1.2\apiguardian-api-1.1.2.jar;C:\Users\BSIT-CH-D034\.m2\repository\org\jspecify\jspecify\1.0.0\jspecify-1.0.0.jar;C:\Users\BSIT-CH-D034\.m2\repository\org\junit\jupiter\junit-jupiter-params\6.0.0-RC2\junit-jupiter-params-6.0.0-RC2.jar;C:\Users\BSIT-CH-D034\.m2\repository\org\junit\jupiter\junit-jupiter-engine\6.0.0-RC2\junit-jupiter-engine-6.0.0-RC2.jar;C:\Users\BSIT-CH-D034\.m2\repository\org\junit\platform\junit-platform-engine\6.0.0-RC2\junit-platform-engine-6.0.0-RC2.jar;"/>
    <property name="java.vm.vendor" value="Oracle Corporation"/>
    <property name="sun.arch.data.model" value="64"/>
    <property name="user.variant" value=""/>
    <property name="java.vendor.url" value="https://java.oracle.com/"/>
    <property name="user.timezone" value="Asia/Calcutta"/>
    <property name="os.name" value="Windows 10"/>
    <property name="java.vm.specification.version" value="24"/>
    <property name="user.country" value="IN"/>
    <property name="sun.java.launcher" value="SUN_STANDARD"/>
    <property name="sun.boot.library.path" value="C:\Users\BSIT-CH-D034\.jdks\openjdk-24.0.2\bin"/>
    <property name="sun.java.command" value="C:\Users\BSIT-CH-D034\AppData\Local\Temp\surefire5916827467470972595\surefirebooter-20250829144155255_3.jar C:\Users\BSIT-CH-D034\AppData\Local\Temp\surefire5916827467470972595 2025-08-29T14-41-54_785-jvmRun1 surefire-20250829144155255_1tmp surefire_0-20250829144155255_2tmp"/>
    <property name="jdk.debug" value="release"/>
    <property name="surefire.test.class.path" value="C:\Users\BSIT-CH-D034\Downloads\DoubleCorrect_codegeneration\DoubleCorrect_codegeneration\Correct_codegeneration\Correct_codegeneration\target\test-classes;C:\Users\BSIT-CH-D034\Downloads\DoubleCorrect_codegeneration\DoubleCorrect_codegeneration\Correct_codegeneration\Correct_codegeneration\target\classes;C:\Users\BSIT-CH-D034\.m2\repository\org\yaml\snakeyaml\2.2\snakeyaml-2.2.jar;C:\Users\BSIT-CH-D034\.m2\repository\com\github\javaparser\javaparser-core\3.25.10\javaparser-core-3.25.10.jar;C:\Users\BSIT-CH-D034\.m2\repository\junit\junit\4.13.2\junit-4.13.2.jar;C:\Users\BSIT-CH-D034\.m2\repository\org\hamcrest\hamcrest-core\1.3\hamcrest-core-1.3.jar;C:\Users\BSIT-CH-D034\.m2\repository\com\fasterxml\jackson\dataformat\jackson-dataformat-yaml\2.17.0\jackson-dataformat-yaml-2.17.0.jar;C:\Users\BSIT-CH-D034\.m2\repository\com\fasterxml\jackson\core\jackson-databind\2.17.0\jackson-databind-2.17.0.jar;C:\Users\BSIT-CH-D034\.m2\repository\com\fasterxml\jackson\core\jackson-annotations\2.17.0\jackson-annotations-2.17.0.jar;C:\Users\BSIT-CH-D034\.m2\repository\net\bytebuddy\byte-buddy\1.14.9\byte-buddy-1.14.9.jar;C:\Users\BSIT-CH-D034\.m2\repository\com\fasterxml\jackson\core\jackson-core\2.17.0\jackson-core-2.17.0.jar;C:\Users\BSIT-CH-D034\.m2\repository\org\slf4j\slf4j-api\2.0.9\slf4j-api-2.0.9.jar;C:\Users\BSIT-CH-D034\.m2\repository\ch\qos\logback\logback-classic\1.5.11\logback-classic-1.5.11.jar;C:\Users\BSIT-CH-D034\.m2\repository\ch\qos\logback\logback-core\1.5.11\logback-core-1.5.11.jar;C:\Users\BSIT-CH-D034\.m2\repository\com\oracle\database\jdbc\ojdbc11\21.18.0.0\ojdbc11-21.18.0.0.jar;C:\Users\BSIT-CH-D034\.m2\repository\org\postgresql\postgresql\42.7.3\postgresql-42.7.3.jar;C:\Users\BSIT-CH-D034\.m2\repository\org\checkerframework\checker-qual\3.42.0\checker-qual-3.42.0.jar;C:\Users\BSIT-CH-D034\.m2\repository\org\junit\jupiter\junit-jupiter\6.0.0-RC2\junit-jupiter-6.0.0-RC2.jar;C:\Users\BSIT-CH-D034\.m2\repository\org\junit\jupiter\junit-jupiter-api\6.0.0-RC2\junit-jupiter-api-6.0.0-RC2.jar;C:\Users\BSIT-CH-D034\.m2\repository\org\opentest4j\opentest4j\1.3.0\opentest4j-1.3.0.jar;C:\Users\BSIT-CH-D034\.m2\repository\org\junit\platform\junit-platform-commons\6.0.0-RC2\junit-platform-commons-6.0.0-RC2.jar;C:\Users\BSIT-CH-D034\.m2\repository\org\apiguardian\apiguardian-api\1.1.2\apiguardian-api-1.1.2.jar;C:\Users\BSIT-CH-D034\.m2\repository\org\jspecify\jspecify\1.0.0\jspecify-1.0.0.jar;C:\Users\BSIT-CH-D034\.m2\repository\org\junit\jupiter\junit-jupiter-params\6.0.0-RC2\junit-jupiter-params-6.0.0-RC2.jar;C:\Users\BSIT-CH-D034\.m2\repository\org\junit\jupiter\junit-jupiter-engine\6.0.0-RC2\junit-jupiter-engine-6.0.0-RC2.jar;C:\Users\BSIT-CH-D034\.m2\repository\org\junit\platform\junit-platform-engine\6.0.0-RC2\junit-platform-engine-6.0.0-RC2.jar;"/>
    <property name="sun.cpu.endian" value="little"/>
    <property name="user.home" value="C:\Users\BSIT-CH-D034"/>
    <property name="user.language" value="en"/>
    <property name="java.specification.vendor" value="Oracle Corporation"/>
    <property name="java.version.date" value="2025-07-15"/>
    <property name="java.home" value="C:\Users\BSIT-CH-D034\.jdks\openjdk-24.0.2"/>
    <property name="file.separator" value="\"/>
    <property name="basedir" value="C:\Users\BSIT-CH-D034\Downloads\DoubleCorrect_codegeneration\DoubleCorrect_codegeneration\Correct_codegeneration\Correct_codegeneration"/>
    <property name="style.color" value="always"/>
    <property name="java.vm.compressedOopsMode" value="Zero based"/>
    <property name="line.separator" value="&#10;"/>
    <property name="java.vm.specification.vendor" value="Oracle Corporation"/>
    <property name="java.specification.name" value="Java Platform API Specification"/>
    <property name="surefire.real.class.path" value="C:\Users\BSIT-CH-D034\AppData\Local\Temp\surefire5916827467470972595\surefirebooter-20250829144155255_3.jar"/>
    <property name="user.script" value=""/>
    <property name="sun.management.compiler" value="HotSpot 64-Bit Tiered Compilers"/>
    <property name="java.runtime.version" value="24.0.2+12-54"/>
    <property name="user.name" value="BSIT-CH-D034"/>
    <property name="stdout.encoding" value="Cp1252"/>
    <property name="path.separator" value=";"/>
    <property name="os.version" value="10.0"/>
    <property name="java.runtime.name" value="OpenJDK Runtime Environment"/>
    <property name="file.encoding" value="UTF-8"/>
    <property name="java.vm.name" value="OpenJDK 64-Bit Server VM"/>
    <property name="maven.ext.class.path" value="C:\Program Files\JetBrains\IntelliJ IDEA Community Edition 2025.2\plugins\maven\lib\maven-event-listener.jar"/>
    <property name="localRepository" value="C:\Users\BSIT-CH-D034\.m2\repository"/>
    <property name="java.vendor.url.bug" value="https://bugreport.java.com/bugreport/"/>
    <property name="java.io.tmpdir" value="C:\Users\BSIT-C~1\AppData\Local\Temp\"/>
    <property name="idea.version" value="2025.2"/>
    <property name="java.version" value="24.0.2"/>
    <property name="user.dir" value="C:\Users\BSIT-CH-D034\Downloads\DoubleCorrect_codegeneration\DoubleCorrect_codegeneration\Correct_codegeneration\Correct_codegeneration"/>
    <property name="os.arch" value="amd64"/>
    <property name="jansi.passthrough" value="true"/>
    <property name="java.vm.specification.name" value="Java Virtual Machine Specification"/>
    <property name="sun.os.patch.level" value=""/>
    <property name="native.encoding" value="Cp1252"/>
    <property name="java.library.path" value="C:\Users\BSIT-CH-D034\.jdks\openjdk-24.0.2\bin;C:\Windows\Sun\Java\bin;C:\Windows\system32;C:\Windows;C:\Program Files\Common Files\Oracle\Java\javapath;C:\app\BSIT-CH-D034\product\21c\dbhomeXE\bin;C:\Python313\Scripts\;C:\Python313\;C:\Windows\system32;C:\Windows;C:\Windows\System32\Wbem;C:\Windows\System32\WindowsPowerShell\v1.0\;C:\Windows\System32\OpenSSH\;C:\Program Files\TortoiseGit\bin;C:\ProgramData\chocolatey\bin;C:\Program Files\Java\jdk-21;C:\Program Files\Git\cmd;C:\Program Files\liquibase;C:\Users\BSIT-CH-D034\AppData\Local\Microsoft\WindowsApps;E:\SOFTWARS\Microsoft VS Code\bin;C:\Program Files\nodejs\node.exe;C:\Program Files\Java\jdk-21\bin;D:\Sandhiya\Backup\tasks\ANT\apache-ant-1.10.9\bin;C:\Users\BSIT-CH-D034\AppData\Roaming\npm;C:\Program Files\liquibase;C:\Program Files\Graphviz-13.1.1-win64\bin;C:\Program Files\JetBrains\IntelliJ IDEA Community Edition 2025.2\bin;."/>
    <property name="java.vm.info" value="mixed mode, sharing"/>
    <property name="stderr.encoding" value="Cp1252"/>
    <property name="java.vendor" value="Oracle Corporation"/>
    <property name="java.vm.version" value="24.0.2+12-54"/>
    <property name="sun.io.unicode.encoding" value="UnicodeLittle"/>
    <property name="java.class.version" value="68.0"/>
  </properties>
  <testcase name="testPaymentListRelationship" classname="com.bsit.codegeneration.test.pojo.CustomerTest" time="0.001"/>
  <testcase name="testStoreRelationship" classname="com.bsit.codegeneration.test.pojo.CustomerTest" time="0.001"/>
  <testcase name="testGettersAndSetters" classname="com.bsit.codegeneration.test.pojo.CustomerTest" time="0.001"/>
  <testcase name="testParameterizedConstructor1" classname="com.bsit.codegeneration.test.pojo.CustomerTest" time="0.001"/>
  <testcase name="testBuilder" classname="com.bsit.codegeneration.test.pojo.CustomerTest" time="0.002"/>
  <testcase name="testAddressRelationship" classname="com.bsit.codegeneration.test.pojo.CustomerTest" time="0.0"/>
  <testcase name="testRentalListRelationship" classname="com.bsit.codegeneration.test.pojo.CustomerTest" time="0.0"/>
  <testcase name="testDefaultConstructor" classname="com.bsit.codegeneration.test.pojo.CustomerTest" time="0.001"/>
</testsuite>